Electrostatic potential parameters

Grid information (see 1_default_grid.dat in Angstrom)
    Number of grid points:            1077

Quantum electrostatic potential (see 1_default_grid_esp.dat)

Constraints
    Charge constraints
        Total charge of   0.04901257 on the set   2
        Total charge of   0.11327409 on the set   3
        Total charge of  -0.48760202 on the set   4
        Total charge of   0.17052466 on the set   5
        Total charge of  -0.09741037 on the set   6
        Total charge of   0.37347865 on the set   7
        Total charge of  -0.49716900 on the set   8
        Total charge of  -0.06043248 on the set   9
        Total charge of   0.38224170 on the set  10
        Total charge of  -0.52856046 on the set  11
        Total charge of  -0.01417697 on the set  12
        Total charge of   0.16596044 on the set  18
    Equality constraints
        Equal charges on atoms
                                 15  16  17
                                 19  20  21
                                 22  23  24

Restraint
    Hyperbolic restraint to a charge of zero
    Hydrogen atoms are not restrained
    resp_a:                           0.0010
    resp_b:                           0.1000

Fit

Electrostatic Potential Charges
   Center  Symbol       ESP      RESP
      1    C      -0.28105029 -0.24587141
      2    N       0.04901257  0.04901257
      3    C       0.11327409  0.11327409
      4    N      -0.48760202 -0.48760202
      5    C       0.17052466  0.17052466
      6    C      -0.09741037 -0.09741037
      7    C       0.37347865  0.37347865
      8    O      -0.49716900 -0.49716900
      9    N      -0.06043248 -0.06043248
     10    C       0.38224170  0.38224170
     11    O      -0.52856046 -0.52856046
     12    N      -0.01417697 -0.01417697
     13    C       0.01461997 -0.00697551
     14    C      -0.04342192 -0.03345719
     15    H       0.13410370  0.12304844
     16    H       0.13410370  0.12304844
     17    H       0.13410370  0.12304844
     18    H       0.16596044  0.16596044
     19    H       0.04839951  0.05453626
     20    H       0.04839951  0.05453626
     21    H       0.04839951  0.05453626
     22    H       0.06440061  0.06146973
     23    H       0.06440061  0.06146973
     24    H       0.06440061  0.06146973
Total Charge:      0.00000000 -0.00000000
