2024-11-07:14:58:57,806 INFO     [psi4.driver.task_planner:283] PLANNING Atomic:  keywords={'function_kwargs': {}}
2024-11-07:14:58:57,809 INFO     [psi4.driver.driver:499] Compute energy(): method=scf, basis=cc-pvdz, molecule=default, nre=9.168193296424349
2024-11-07:14:58:58,225 INFO     [psi4.driver.driver:502] Return energy(): -76.0266327350902
2024-11-07:14:59:12,401 INFO     [psi4.driver.task_planner:283] PLANNING Atomic:  keywords={'SCF__INTS_TOLERANCE': 1e-12, 'REFERENCE': 'UHF', 'function_kwargs': {}}
2024-11-07:14:59:12,404 INFO     [psi4.driver.driver:499] Compute energy(): method=scf, basis=6-31g**, molecule=default, nre=6.17454856754189
2024-11-07:14:59:12,662 INFO     [psi4.driver.driver:502] Return energy(): -38.92533462893707
2024-11-07:14:59:17,574 INFO     [psi4.driver.task_planner:283] PLANNING Atomic:  keywords={'SCF__INTS_TOLERANCE': 1e-12, 'REFERENCE': 'RHF', 'function_kwargs': {}}
2024-11-07:14:59:17,577 INFO     [psi4.driver.driver:617] Compute gradient(): method=scf, basis=cc-pvdz, molecule=default, nre=9.168193296424349
2024-11-07:14:59:17,904 INFO     [psi4.driver.driver:620] Return gradient(): -76.02663273512377
2024-11-07:14:59:17,904 INFO     [psi4.driver.driver:621] [[ 0.          0.         -0.01764163]
 [ 0.         -0.01243841  0.00882081]
 [-0.          0.01243841  0.00882081]]
2024-11-07:14:59:17,930 INFO     [psi4.driver.task_planner:283] PLANNING Atomic:  keywords={'CART_HESS_READ': 0, 'SCF__GUESS': 'READ', 'SCF__INTS_TOLERANCE': 1e-12, 'REFERENCE': 'RHF', 'function_kwargs': {}}
2024-11-07:14:59:17,933 INFO     [psi4.driver.driver:617] Compute gradient(): method=scf, basis=cc-pvdz, molecule=default, nre=9.309900182611623
2024-11-07:14:59:18,164 INFO     [psi4.driver.driver:620] Return gradient(): -76.02702266602294
2024-11-07:14:59:18,164 INFO     [psi4.driver.driver:621] [[-0.          0.         -0.00008799]
 [-0.          0.00157041  0.000044  ]
 [ 0.         -0.00157041  0.000044  ]]
2024-11-07:14:59:18,190 INFO     [psi4.driver.task_planner:283] PLANNING Atomic:  keywords={'CART_HESS_READ': 0, 'SCF__GUESS': 'READ', 'SCF__INTS_TOLERANCE': 1e-12, 'REFERENCE': 'RHF', 'function_kwargs': {}}
2024-11-07:14:59:18,192 INFO     [psi4.driver.driver:617] Compute gradient(): method=scf, basis=cc-pvdz, molecule=default, nre=9.300665063058293
2024-11-07:14:59:18,414 INFO     [psi4.driver.driver:620] Return gradient(): -76.02703272937481
2024-11-07:14:59:18,414 INFO     [psi4.driver.driver:621] [[-0.          0.          0.00008587]
 [ 0.         -0.00007268 -0.00004293]
 [-0.          0.00007268 -0.00004293]]
2024-11-07:14:59:22,462 INFO     [psi4.driver.task_planner:283] PLANNING Atomic:  keywords={'SCF__INTS_TOLERANCE': 1e-12, 'REFERENCE': 'RHF', 'function_kwargs': {}}
2024-11-07:14:59:22,488 INFO     [psi4.driver.task_planner:283] PLANNING Atomic:  keywords={'SCF__D_CONVERGENCE': 1e-08, 'SCF__E_CONVERGENCE': 1e-08, 'SCF__INTS_TOLERANCE': 1e-12, 'REFERENCE': 'RHF', 'function_kwargs': {}}
2024-11-07:14:59:22,490 INFO     [psi4.driver.driver:617] Compute gradient(): method=scf, basis=cc-pvdz, molecule=default, nre=9.300665063058295
2024-11-07:14:59:22,820 INFO     [psi4.driver.driver:620] Return gradient(): -76.02703272937592
2024-11-07:14:59:22,820 INFO     [psi4.driver.driver:621] [[ 0.          0.          0.00008586]
 [ 0.         -0.00007268 -0.00004293]
 [-0.          0.00007268 -0.00004293]]
2024-11-07:14:59:22,821 INFO     [psi4.driver.driver:1437] Compute hessian(): method=scf, basis=cc-pvdz, molecule=default, nre=9.300665063058295
2024-11-07:14:59:23,463 INFO     [psi4.driver.driver:1441] Return hessian(): -76.0270327293759
2024-11-07:14:59:23,463 INFO     [psi4.driver.driver:1442] [[-0.00007858  0.          0.          0.00003929  0.         -0.          0.00003929 -0.         -0.        ]
 [ 0.          0.78584954  0.          0.         -0.39292477  0.30336826 -0.         -0.39292477 -0.30336826]
 [ 0.          0.          0.53846879 -0.          0.23574776 -0.26923439 -0.         -0.23574776 -0.26923439]
 [ 0.00003929  0.         -0.          0.00000603 -0.          0.         -0.00004532 -0.          0.        ]
 [ 0.         -0.39292477  0.23574776 -0.          0.42766634 -0.26955801 -0.         -0.03474157  0.03381025]
 [-0.          0.30336826 -0.26923439  0.         -0.26955801  0.25174302  0.         -0.03381025  0.01749137]
 [ 0.00003929 -0.         -0.         -0.00004532 -0.          0.          0.00000603  0.          0.        ]
 [-0.         -0.39292477 -0.23574776 -0.         -0.03474157 -0.03381025  0.          0.42766634  0.26955801]
 [-0.         -0.30336826 -0.26923439  0.          0.03381025  0.01749137  0.          0.26955801  0.25174302]]
2024-11-07:14:59:30,646 INFO     [psi4.driver.task_planner:283] PLANNING Atomic:  keywords={'FREEZE_CORE': '1', 'SCF__INTS_TOLERANCE': 1e-12, 'REFERENCE': 'RHF', 'SCF_TYPE': 'DF', 'function_kwargs': {}}
2024-11-07:14:59:30,649 INFO     [psi4.driver.driver:499] Compute energy(): method=sapt0, basis=jun-cc-pvdz, molecule=default, nre=85.1890645312758
2024-11-07:14:59:34,730 INFO     [psi4.driver.driver:502] Return energy(): -0.0022355823909805178
2024-11-07:14:59:48,770 INFO     [psi4.driver.task_planner:235] PLANNING MB:  mc_level_idx=0 packet={'driver': 'energy', 'method': 'ccsd(t)', 'basis': 'aug-cc-pvdz', 'keywords': {'DF_INTS_IO': 'NONE', 'SAPT__D_CONVERGENCE': 1e-09, 'SAPT__E_CONVERGENCE': 1e-09, 'FREEZE_CORE': '1', 'SCF__INTS_TOLERANCE': 1e-12, 'REFERENCE': 'RHF', 'SAPT__SAPT_LEVEL': 'SAPT0', 'SCF_TYPE': 'DF', 'function_kwargs': {}}}
2024-11-07:14:59:48,770 INFO     [psi4.driver.driver_nbody:952] 
  //>>>>>>>>>>>>>>>>>>>>>>>>>>>>>>>>>>>>>//
  // ManyBody Setup: N-Body Levels [1, 2]//
  //<<<<<<<<<<<<<<<<<<<<<<<<<<<<<<<<<<<<<//


2024-11-07:14:59:48,770 INFO     [psi4.driver.driver_nbody:513]         Number of 1-body computations:     2
        Number of 2-body computations:     1
2024-11-07:14:59:48,772 INFO     [psi4.driver.driver_nbody:1014] 
  //>>>>>>>>>>>>>>>>>>>>>>>>>>>>>>>>>>>//
  //       ManyBody Computations       //
  //<<<<<<<<<<<<<<<<<<<<<<<<<<<<<<<<<<<//


2024-11-07:14:59:48,793 INFO     [psi4.driver.task_base:159] <<< JSON launch ... c2v 0.0
2024-11-07:14:59:50,964 INFO     [psi4.driver.task_planner:283] PLANNING Atomic:  keywords={'DF_INTS_IO': 'NONE', 'SAPT__D_CONVERGENCE': 1e-09, 'SAPT__E_CONVERGENCE': 1e-09, 'FREEZE_CORE': '1', 'SCF__INTS_TOLERANCE': 1e-12, 'REFERENCE': 'RHF', 'SAPT__SAPT_LEVEL': 'SAPT0', 'SCF_TYPE': 'DF', 'function_kwargs': {}}
2024-11-07:14:59:50,968 INFO     [psi4.driver.driver:499] Compute energy(): method=ccsd(t), basis=aug-cc-pvdz, molecule=Ne2, nre=0.0
2024-11-07:14:59:51,690 INFO     [psi4.driver.driver:502] Return energy(): -128.70945659126352
2024-11-07:14:59:51,747 INFO     [psi4.driver.task_base:159] <<< JSON launch ... c2v 0.0
2024-11-07:14:59:51,776 INFO     [psi4.driver.task_planner:283] PLANNING Atomic:  keywords={'DF_INTS_IO': 'NONE', 'SAPT__D_CONVERGENCE': 1e-09, 'SAPT__E_CONVERGENCE': 1e-09, 'FREEZE_CORE': '1', 'SCF__INTS_TOLERANCE': 1e-12, 'REFERENCE': 'RHF', 'SAPT__SAPT_LEVEL': 'SAPT0', 'SCF_TYPE': 'DF', 'function_kwargs': {}}
2024-11-07:14:59:51,779 INFO     [psi4.driver.driver:499] Compute energy(): method=ccsd(t), basis=aug-cc-pvdz, molecule=Ne2, nre=0.0
2024-11-07:14:59:52,514 INFO     [psi4.driver.driver:502] Return energy(): -128.70945659126357
2024-11-07:14:59:52,529 INFO     [psi4.driver.task_base:159] <<< JSON launch ... d2h 21.167088426800007
2024-11-07:14:59:52,558 INFO     [psi4.driver.task_planner:283] PLANNING Atomic:  keywords={'DF_INTS_IO': 'NONE', 'SAPT__D_CONVERGENCE': 1e-09, 'SAPT__E_CONVERGENCE': 1e-09, 'FREEZE_CORE': '1', 'SCF__INTS_TOLERANCE': 1e-12, 'REFERENCE': 'RHF', 'SAPT__SAPT_LEVEL': 'SAPT0', 'SCF_TYPE': 'DF', 'function_kwargs': {}}
2024-11-07:14:59:52,561 INFO     [psi4.driver.driver:499] Compute energy(): method=ccsd(t), basis=aug-cc-pvdz, molecule=Ne2, nre=21.167088426800007
2024-11-07:14:59:53,326 INFO     [psi4.driver.driver:502] Return energy(): -257.41770426822154
2024-11-07:14:59:53,342 INFO     [psi4.driver.driver_nbody:1364] 
  //>>>>>>>>>>>>>>>>>>>>>>>>>>>>>>>>>>>//
  //          ManyBody Results         //
  //<<<<<<<<<<<<<<<<<<<<<<<<<<<<<<<<<<<//


2024-11-07:14:59:53,342 INFO     [psi4.driver.driver_nbody:394] 
   ==> N-Body: Counterpoise Corrected (CP) energies <==

        n-Body     Total Energy            Interaction Energy                          N-body Contribution to Interaction Energy
                   [Eh]                    [Eh]                  [kcal/mol]            [Eh]                  [kcal/mol]
             1  N/A                         0.000000000000        0.000000000000        0.000000000000        0.000000000000
  FULL/RTN   2  N/A                         0.001208914306        0.758605179718        0.001208914306        0.758605179718


2024-11-07:14:59:53,405 INFO     [psi4.driver.task_planner:235] PLANNING MB:  mc_level_idx=0 packet={'driver': 'energy', 'method': 'ccsd(t)', 'basis': 'aug-cc-pvdz', 'keywords': {'DF_INTS_IO': 'NONE', 'SAPT__D_CONVERGENCE': 1e-09, 'SAPT__E_CONVERGENCE': 1e-09, 'FREEZE_CORE': '1', 'SCF__INTS_TOLERANCE': 1e-12, 'REFERENCE': 'RHF', 'SAPT__SAPT_LEVEL': 'SAPT0', 'SCF_TYPE': 'DF', 'function_kwargs': {}}}
2024-11-07:14:59:53,405 INFO     [psi4.driver.driver_nbody:952] 
  //>>>>>>>>>>>>>>>>>>>>>>>>>>>>>>>>>>>>>//
  // ManyBody Setup: N-Body Levels [1, 2]//
  //<<<<<<<<<<<<<<<<<<<<<<<<<<<<<<<<<<<<<//


2024-11-07:14:59:53,405 INFO     [psi4.driver.driver_nbody:513]         Number of 1-body computations:     2
        Number of 2-body computations:     1
2024-11-07:14:59:53,407 INFO     [psi4.driver.driver_nbody:1014] 
  //>>>>>>>>>>>>>>>>>>>>>>>>>>>>>>>>>>>//
  //       ManyBody Computations       //
  //<<<<<<<<<<<<<<<<<<<<<<<<<<<<<<<<<<<//


2024-11-07:14:59:53,429 INFO     [psi4.driver.task_base:159] <<< JSON launch ... c2v 0.0
2024-11-07:14:59:53,459 INFO     [psi4.driver.task_planner:283] PLANNING Atomic:  keywords={'DF_INTS_IO': 'NONE', 'SAPT__D_CONVERGENCE': 1e-09, 'SAPT__E_CONVERGENCE': 1e-09, 'FREEZE_CORE': '1', 'SCF__INTS_TOLERANCE': 1e-12, 'REFERENCE': 'RHF', 'SAPT__SAPT_LEVEL': 'SAPT0', 'SCF_TYPE': 'DF', 'function_kwargs': {}}
2024-11-07:14:59:53,462 INFO     [psi4.driver.driver:499] Compute energy(): method=ccsd(t), basis=aug-cc-pvdz, molecule=Ne2, nre=0.0
2024-11-07:14:59:54,145 INFO     [psi4.driver.driver:502] Return energy(): -128.70937284019783
2024-11-07:14:59:54,159 INFO     [psi4.driver.task_base:159] <<< JSON launch ... c2v 0.0
2024-11-07:14:59:54,188 INFO     [psi4.driver.task_planner:283] PLANNING Atomic:  keywords={'DF_INTS_IO': 'NONE', 'SAPT__D_CONVERGENCE': 1e-09, 'SAPT__E_CONVERGENCE': 1e-09, 'FREEZE_CORE': '1', 'SCF__INTS_TOLERANCE': 1e-12, 'REFERENCE': 'RHF', 'SAPT__SAPT_LEVEL': 'SAPT0', 'SCF_TYPE': 'DF', 'function_kwargs': {}}
2024-11-07:14:59:54,191 INFO     [psi4.driver.driver:499] Compute energy(): method=ccsd(t), basis=aug-cc-pvdz, molecule=Ne2, nre=0.0
2024-11-07:14:59:54,875 INFO     [psi4.driver.driver:502] Return energy(): -128.70937284019783
2024-11-07:14:59:54,890 INFO     [psi4.driver.task_base:159] <<< JSON launch ... d2h 17.63924035566668
2024-11-07:14:59:54,918 INFO     [psi4.driver.task_planner:283] PLANNING Atomic:  keywords={'DF_INTS_IO': 'NONE', 'SAPT__D_CONVERGENCE': 1e-09, 'SAPT__E_CONVERGENCE': 1e-09, 'FREEZE_CORE': '1', 'SCF__INTS_TOLERANCE': 1e-12, 'REFERENCE': 'RHF', 'SAPT__SAPT_LEVEL': 'SAPT0', 'SCF_TYPE': 'DF', 'function_kwargs': {}}
2024-11-07:14:59:54,921 INFO     [psi4.driver.driver:499] Compute energy(): method=ccsd(t), basis=aug-cc-pvdz, molecule=Ne2, nre=17.63924035566668
2024-11-07:14:59:55,662 INFO     [psi4.driver.driver:502] Return energy(): -257.4187202339189
2024-11-07:14:59:55,677 INFO     [psi4.driver.driver_nbody:1364] 
  //>>>>>>>>>>>>>>>>>>>>>>>>>>>>>>>>>>>//
  //          ManyBody Results         //
  //<<<<<<<<<<<<<<<<<<<<<<<<<<<<<<<<<<<//


2024-11-07:14:59:55,677 INFO     [psi4.driver.driver_nbody:394] 
   ==> N-Body: Counterpoise Corrected (CP) energies <==

        n-Body     Total Energy            Interaction Energy                          N-body Contribution to Interaction Energy
                   [Eh]                    [Eh]                  [kcal/mol]            [Eh]                  [kcal/mol]
             1  N/A                         0.000000000000        0.000000000000        0.000000000000        0.000000000000
  FULL/RTN   2  N/A                         0.000025446477        0.015967905229        0.000025446477        0.015967905229


2024-11-07:14:59:55,739 INFO     [psi4.driver.task_planner:235] PLANNING MB:  mc_level_idx=0 packet={'driver': 'energy', 'method': 'ccsd(t)', 'basis': 'aug-cc-pvdz', 'keywords': {'DF_INTS_IO': 'NONE', 'SAPT__D_CONVERGENCE': 1e-09, 'SAPT__E_CONVERGENCE': 1e-09, 'FREEZE_CORE': '1', 'SCF__INTS_TOLERANCE': 1e-12, 'REFERENCE': 'RHF', 'SAPT__SAPT_LEVEL': 'SAPT0', 'SCF_TYPE': 'DF', 'function_kwargs': {}}}
2024-11-07:14:59:55,740 INFO     [psi4.driver.driver_nbody:952] 
  //>>>>>>>>>>>>>>>>>>>>>>>>>>>>>>>>>>>>>//
  // ManyBody Setup: N-Body Levels [1, 2]//
  //<<<<<<<<<<<<<<<<<<<<<<<<<<<<<<<<<<<<<//


2024-11-07:14:59:55,740 INFO     [psi4.driver.driver_nbody:513]         Number of 1-body computations:     2
        Number of 2-body computations:     1
2024-11-07:14:59:55,741 INFO     [psi4.driver.driver_nbody:1014] 
  //>>>>>>>>>>>>>>>>>>>>>>>>>>>>>>>>>>>//
  //       ManyBody Computations       //
  //<<<<<<<<<<<<<<<<<<<<<<<<<<<<<<<<<<<//


2024-11-07:14:59:55,763 INFO     [psi4.driver.task_base:159] <<< JSON launch ... c2v 0.0
2024-11-07:14:59:55,794 INFO     [psi4.driver.task_planner:283] PLANNING Atomic:  keywords={'DF_INTS_IO': 'NONE', 'SAPT__D_CONVERGENCE': 1e-09, 'SAPT__E_CONVERGENCE': 1e-09, 'FREEZE_CORE': '1', 'SCF__INTS_TOLERANCE': 1e-12, 'REFERENCE': 'RHF', 'SAPT__SAPT_LEVEL': 'SAPT0', 'SCF_TYPE': 'DF', 'function_kwargs': {}}
2024-11-07:14:59:55,797 INFO     [psi4.driver.driver:499] Compute energy(): method=ccsd(t), basis=aug-cc-pvdz, molecule=Ne2, nre=0.0
2024-11-07:14:59:56,471 INFO     [psi4.driver.driver:502] Return energy(): -128.70931531405265
2024-11-07:14:59:56,488 INFO     [psi4.driver.task_base:159] <<< JSON launch ... c2v 0.0
2024-11-07:14:59:56,517 INFO     [psi4.driver.task_planner:283] PLANNING Atomic:  keywords={'DF_INTS_IO': 'NONE', 'SAPT__D_CONVERGENCE': 1e-09, 'SAPT__E_CONVERGENCE': 1e-09, 'FREEZE_CORE': '1', 'SCF__INTS_TOLERANCE': 1e-12, 'REFERENCE': 'RHF', 'SAPT__SAPT_LEVEL': 'SAPT0', 'SCF_TYPE': 'DF', 'function_kwargs': {}}
2024-11-07:14:59:56,521 INFO     [psi4.driver.driver:499] Compute energy(): method=ccsd(t), basis=aug-cc-pvdz, molecule=Ne2, nre=0.0
2024-11-07:14:59:57,191 INFO     [psi4.driver.driver:502] Return energy(): -128.70931531405233
2024-11-07:14:59:57,205 INFO     [psi4.driver.task_base:159] <<< JSON launch ... d2h 13.229430266749995
2024-11-07:14:59:57,234 INFO     [psi4.driver.task_planner:283] PLANNING Atomic:  keywords={'DF_INTS_IO': 'NONE', 'SAPT__D_CONVERGENCE': 1e-09, 'SAPT__E_CONVERGENCE': 1e-09, 'FREEZE_CORE': '1', 'SCF__INTS_TOLERANCE': 1e-12, 'REFERENCE': 'RHF', 'SAPT__SAPT_LEVEL': 'SAPT0', 'SCF_TYPE': 'DF', 'function_kwargs': {}}
2024-11-07:14:59:57,237 INFO     [psi4.driver.driver:499] Compute energy(): method=ccsd(t), basis=aug-cc-pvdz, molecule=Ne2, nre=13.229430266749995
2024-11-07:14:59:57,956 INFO     [psi4.driver.driver:502] Return energy(): -257.41865646806457
2024-11-07:14:59:57,971 INFO     [psi4.driver.driver_nbody:1364] 
  //>>>>>>>>>>>>>>>>>>>>>>>>>>>>>>>>>>>//
  //          ManyBody Results         //
  //<<<<<<<<<<<<<<<<<<<<<<<<<<<<<<<<<<<//


2024-11-07:14:59:57,972 INFO     [psi4.driver.driver_nbody:394] 
   ==> N-Body: Counterpoise Corrected (CP) energies <==

        n-Body     Total Energy            Interaction Energy                          N-body Contribution to Interaction Energy
                   [Eh]                    [Eh]                  [kcal/mol]            [Eh]                  [kcal/mol]
             1  N/A                         0.000000000000        0.000000000000        0.000000000000        0.000000000000
  FULL/RTN   2  N/A                        -0.000025839960       -0.016214819427       -0.000025839960       -0.016214819427


